Determining if the __GLIBC__ exist failed with the following output:
Change Dir: /home/mirek/amiberry-android/amiberry/android/app/.cxx/Debug/2h3d1g1b/arm64-v8a/CMakeFiles/CMakeTmp

Run Build Command(s):/home/mirek/Android/Sdk/cmake/3.22.1/bin/ninja cmTC_e36d9 && [1/2] Building C object CMakeFiles/cmTC_e36d9.dir/CheckSymbolExists.c.o
FAILED: CMakeFiles/cmTC_e36d9.dir/CheckSymbolExists.c.o 
/home/mirek/Android/Sdk/ndk/25.1.8937393/toolchains/llvm/prebuilt/linux-x86_64/bin/clang --target=aarch64-none-linux-android30 --sysroot=/home/mirek/Android/Sdk/ndk/25.1.8937393/toolchains/llvm/prebuilt/linux-x86_64/sysroot   -g -DANDROID -fdata-sections -ffunction-sections -funwind-tables -fstack-protector-strong -no-canonical-prefixes -D_FORTIFY_SOURCE=2 -Wformat -Werror=format-security   -fPIE -MD -MT CMakeFiles/cmTC_e36d9.dir/CheckSymbolExists.c.o -MF CMakeFiles/cmTC_e36d9.dir/CheckSymbolExists.c.o.d -o CMakeFiles/cmTC_e36d9.dir/CheckSymbolExists.c.o -c /home/mirek/amiberry-android/amiberry/android/app/.cxx/Debug/2h3d1g1b/arm64-v8a/CMakeFiles/CMakeTmp/CheckSymbolExists.c
/home/mirek/amiberry-android/amiberry/android/app/.cxx/Debug/2h3d1g1b/arm64-v8a/CMakeFiles/CMakeTmp/CheckSymbolExists.c:8:19: error: use of undeclared identifier '__GLIBC__'
  return ((int*)(&__GLIBC__))[argc];
                  ^
1 error generated.
ninja: build stopped: subcommand failed.


File /home/mirek/amiberry-android/amiberry/android/app/.cxx/Debug/2h3d1g1b/arm64-v8a/CMakeFiles/CMakeTmp/CheckSymbolExists.c:
/* */
#include <stdlib.h>

int main(int argc, char** argv)
{
  (void)argv;
#ifndef __GLIBC__
  return ((int*)(&__GLIBC__))[argc];
#else
  (void)argc;
  return 0;
#endif
}
Performing C SOURCE FILE Test CHECK_CPU_ARCHITECTURE_X86 failed with the following output:
Change Dir: /home/mirek/amiberry-android/amiberry/android/app/.cxx/Debug/2h3d1g1b/arm64-v8a/CMakeFiles/CMakeTmp

Run Build Command(s):/home/mirek/Android/Sdk/cmake/3.22.1/bin/ninja cmTC_4f6fe && [1/2] Building C object CMakeFiles/cmTC_4f6fe.dir/src.c.o
FAILED: CMakeFiles/cmTC_4f6fe.dir/src.c.o 
/home/mirek/Android/Sdk/ndk/25.1.8937393/toolchains/llvm/prebuilt/linux-x86_64/bin/clang --target=aarch64-none-linux-android30 --sysroot=/home/mirek/Android/Sdk/ndk/25.1.8937393/toolchains/llvm/prebuilt/linux-x86_64/sysroot -DCHECK_CPU_ARCHITECTURE_X86  -g -DANDROID -fdata-sections -ffunction-sections -funwind-tables -fstack-protector-strong -no-canonical-prefixes -D_FORTIFY_SOURCE=2 -Wformat -Werror=format-security   -fPIE -MD -MT CMakeFiles/cmTC_4f6fe.dir/src.c.o -MF CMakeFiles/cmTC_4f6fe.dir/src.c.o.d -o CMakeFiles/cmTC_4f6fe.dir/src.c.o -c /home/mirek/amiberry-android/amiberry/android/app/.cxx/Debug/2h3d1g1b/arm64-v8a/CMakeFiles/CMakeTmp/src.c
/home/mirek/amiberry-android/amiberry/android/app/.cxx/Debug/2h3d1g1b/arm64-v8a/CMakeFiles/CMakeTmp/src.c:6:3: error: use of undeclared identifier 'choke'
  choke
  ^
1 error generated.
ninja: build stopped: subcommand failed.


Source file was:

int main(int argc, char *argv[]) {
#if defined(__i386__) || defined(__i486__) || defined(__i586__) || defined(__i686__) ||defined( __i386) || defined(_M_IX86)
  return 0;
#else
  choke
#endif
}

Performing C SOURCE FILE Test CHECK_CPU_ARCHITECTURE_X64 failed with the following output:
Change Dir: /home/mirek/amiberry-android/amiberry/android/app/.cxx/Debug/2h3d1g1b/arm64-v8a/CMakeFiles/CMakeTmp

Run Build Command(s):/home/mirek/Android/Sdk/cmake/3.22.1/bin/ninja cmTC_6253c && [1/2] Building C object CMakeFiles/cmTC_6253c.dir/src.c.o
FAILED: CMakeFiles/cmTC_6253c.dir/src.c.o 
/home/mirek/Android/Sdk/ndk/25.1.8937393/toolchains/llvm/prebuilt/linux-x86_64/bin/clang --target=aarch64-none-linux-android30 --sysroot=/home/mirek/Android/Sdk/ndk/25.1.8937393/toolchains/llvm/prebuilt/linux-x86_64/sysroot -DCHECK_CPU_ARCHITECTURE_X64  -g -DANDROID -fdata-sections -ffunction-sections -funwind-tables -fstack-protector-strong -no-canonical-prefixes -D_FORTIFY_SOURCE=2 -Wformat -Werror=format-security   -fPIE -MD -MT CMakeFiles/cmTC_6253c.dir/src.c.o -MF CMakeFiles/cmTC_6253c.dir/src.c.o.d -o CMakeFiles/cmTC_6253c.dir/src.c.o -c /home/mirek/amiberry-android/amiberry/android/app/.cxx/Debug/2h3d1g1b/arm64-v8a/CMakeFiles/CMakeTmp/src.c
/home/mirek/amiberry-android/amiberry/android/app/.cxx/Debug/2h3d1g1b/arm64-v8a/CMakeFiles/CMakeTmp/src.c:6:3: error: use of undeclared identifier 'choke'
  choke
  ^
1 error generated.
ninja: build stopped: subcommand failed.


Source file was:

int main(int argc, char *argv[]) {
#if defined(__amd64__) || defined(__amd64) || defined(__x86_64__) || defined(__x86_64) || defined(_M_X64) || defined(_M_AMD64)
  return 0;
#else
  choke
#endif
}

Performing C SOURCE FILE Test CHECK_CPU_ARCHITECTURE_ARM32 failed with the following output:
Change Dir: /home/mirek/amiberry-android/amiberry/android/app/.cxx/Debug/2h3d1g1b/arm64-v8a/CMakeFiles/CMakeTmp

Run Build Command(s):/home/mirek/Android/Sdk/cmake/3.22.1/bin/ninja cmTC_95b1f && [1/2] Building C object CMakeFiles/cmTC_95b1f.dir/src.c.o
FAILED: CMakeFiles/cmTC_95b1f.dir/src.c.o 
/home/mirek/Android/Sdk/ndk/25.1.8937393/toolchains/llvm/prebuilt/linux-x86_64/bin/clang --target=aarch64-none-linux-android30 --sysroot=/home/mirek/Android/Sdk/ndk/25.1.8937393/toolchains/llvm/prebuilt/linux-x86_64/sysroot -DCHECK_CPU_ARCHITECTURE_ARM32  -g -DANDROID -fdata-sections -ffunction-sections -funwind-tables -fstack-protector-strong -no-canonical-prefixes -D_FORTIFY_SOURCE=2 -Wformat -Werror=format-security   -fPIE -MD -MT CMakeFiles/cmTC_95b1f.dir/src.c.o -MF CMakeFiles/cmTC_95b1f.dir/src.c.o.d -o CMakeFiles/cmTC_95b1f.dir/src.c.o -c /home/mirek/amiberry-android/amiberry/android/app/.cxx/Debug/2h3d1g1b/arm64-v8a/CMakeFiles/CMakeTmp/src.c
/home/mirek/amiberry-android/amiberry/android/app/.cxx/Debug/2h3d1g1b/arm64-v8a/CMakeFiles/CMakeTmp/src.c:6:3: error: use of undeclared identifier 'choke'
  choke
  ^
1 error generated.
ninja: build stopped: subcommand failed.


Source file was:

int main(int argc, char *argv[]) {
#if defined(__arm__) || defined(_M_ARM)
  return 0;
#else
  choke
#endif
}

Performing C SOURCE FILE Test CHECK_CPU_ARCHITECTURE_LOONGARCH64 failed with the following output:
Change Dir: /home/mirek/amiberry-android/amiberry/android/app/.cxx/Debug/2h3d1g1b/arm64-v8a/CMakeFiles/CMakeTmp

Run Build Command(s):/home/mirek/Android/Sdk/cmake/3.22.1/bin/ninja cmTC_726b6 && [1/2] Building C object CMakeFiles/cmTC_726b6.dir/src.c.o
FAILED: CMakeFiles/cmTC_726b6.dir/src.c.o 
/home/mirek/Android/Sdk/ndk/25.1.8937393/toolchains/llvm/prebuilt/linux-x86_64/bin/clang --target=aarch64-none-linux-android30 --sysroot=/home/mirek/Android/Sdk/ndk/25.1.8937393/toolchains/llvm/prebuilt/linux-x86_64/sysroot -DCHECK_CPU_ARCHITECTURE_LOONGARCH64  -g -DANDROID -fdata-sections -ffunction-sections -funwind-tables -fstack-protector-strong -no-canonical-prefixes -D_FORTIFY_SOURCE=2 -Wformat -Werror=format-security   -fPIE -MD -MT CMakeFiles/cmTC_726b6.dir/src.c.o -MF CMakeFiles/cmTC_726b6.dir/src.c.o.d -o CMakeFiles/cmTC_726b6.dir/src.c.o -c /home/mirek/amiberry-android/amiberry/android/app/.cxx/Debug/2h3d1g1b/arm64-v8a/CMakeFiles/CMakeTmp/src.c
/home/mirek/amiberry-android/amiberry/android/app/.cxx/Debug/2h3d1g1b/arm64-v8a/CMakeFiles/CMakeTmp/src.c:6:3: error: use of undeclared identifier 'choke'
  choke
  ^
1 error generated.
ninja: build stopped: subcommand failed.


Source file was:

int main(int argc, char *argv[]) {
#if defined(__loongarch64)
  return 0;
#else
  choke
#endif
}

Determining if the include file immintrin.h exists failed with the following output:
Change Dir: /home/mirek/amiberry-android/amiberry/android/app/.cxx/Debug/2h3d1g1b/arm64-v8a/CMakeFiles/CMakeTmp

Run Build Command(s):/home/mirek/Android/Sdk/cmake/3.22.1/bin/ninja cmTC_fc4c3 && [1/2] Building C object CMakeFiles/cmTC_fc4c3.dir/CheckIncludeFile.c.o
FAILED: CMakeFiles/cmTC_fc4c3.dir/CheckIncludeFile.c.o 
/home/mirek/Android/Sdk/ndk/25.1.8937393/toolchains/llvm/prebuilt/linux-x86_64/bin/clang --target=aarch64-none-linux-android30 --sysroot=/home/mirek/Android/Sdk/ndk/25.1.8937393/toolchains/llvm/prebuilt/linux-x86_64/sysroot   -g -DANDROID -fdata-sections -ffunction-sections -funwind-tables -fstack-protector-strong -no-canonical-prefixes -D_FORTIFY_SOURCE=2 -Wformat -Werror=format-security  -idirafter "/home/mirek/amiberry-android/amiberry/external/SDL2/src/video/khronos"  -D_GNU_SOURCE=1 -fPIE -MD -MT CMakeFiles/cmTC_fc4c3.dir/CheckIncludeFile.c.o -MF CMakeFiles/cmTC_fc4c3.dir/CheckIncludeFile.c.o.d -o CMakeFiles/cmTC_fc4c3.dir/CheckIncludeFile.c.o -c /home/mirek/amiberry-android/amiberry/android/app/.cxx/Debug/2h3d1g1b/arm64-v8a/CMakeFiles/CMakeTmp/CheckIncludeFile.c
In file included from /home/mirek/amiberry-android/amiberry/android/app/.cxx/Debug/2h3d1g1b/arm64-v8a/CMakeFiles/CMakeTmp/CheckIncludeFile.c:1:
/home/mirek/Android/Sdk/ndk/25.1.8937393/toolchains/llvm/prebuilt/linux-x86_64/lib64/clang/14.0.6/include/immintrin.h:14:2: error: "This header is only meant to be used on x86 and x64 architecture"
#error "This header is only meant to be used on x86 and x64 architecture"
 ^
In file included from /home/mirek/amiberry-android/amiberry/android/app/.cxx/Debug/2h3d1g1b/arm64-v8a/CMakeFiles/CMakeTmp/CheckIncludeFile.c:1:
In file included from /home/mirek/Android/Sdk/ndk/25.1.8937393/toolchains/llvm/prebuilt/linux-x86_64/lib64/clang/14.0.6/include/immintrin.h:17:
In file included from /home/mirek/Android/Sdk/ndk/25.1.8937393/toolchains/llvm/prebuilt/linux-x86_64/lib64/clang/14.0.6/include/x86gprintrin.h:15:
/home/mirek/Android/Sdk/ndk/25.1.8937393/toolchains/llvm/prebuilt/linux-x86_64/lib64/clang/14.0.6/include/hresetintrin.h:42:27: error: invalid input constraint 'a' in asm
  __asm__ ("hreset $0" :: "a"(__eax));
                          ^
In file included from /home/mirek/amiberry-android/amiberry/android/app/.cxx/Debug/2h3d1g1b/arm64-v8a/CMakeFiles/CMakeTmp/CheckIncludeFile.c:1:
In file included from /home/mirek/Android/Sdk/ndk/25.1.8937393/toolchains/llvm/prebuilt/linux-x86_64/lib64/clang/14.0.6/include/immintrin.h:21:
/home/mirek/Android/Sdk/ndk/25.1.8937393/toolchains/llvm/prebuilt/linux-x86_64/lib64/clang/14.0.6/include/mmintrin.h:14:2: error: "This header is only meant to be used on x86 and x64 architecture"
#error "This header is only meant to be used on x86 and x64 architecture"
 ^
/home/mirek/Android/Sdk/ndk/25.1.8937393/toolchains/llvm/prebuilt/linux-x86_64/lib64/clang/14.0.6/include/mmintrin.h:54:12: error: invalid conversion between vector type '__m64' (vector of 1 'long long' value) and integer type 'int' of different size
    return (__m64)__builtin_ia32_vec_init_v2si(__i, 0);
           ^~~~~~~~~~~~~~~~~~~~~~~~~~~~~~~~~~~~~~~~~~~
/home/mirek/Android/Sdk/ndk/25.1.8937393/toolchains/llvm/prebuilt/linux-x86_64/lib64/clang/14.0.6/include/mmintrin.h:133:12: error: invalid conversion between vector type '__m64' (vector of 1 'long long' value) and integer type 'int' of different size
    return (__m64)__builtin_ia32_packsswb((__v4hi)__m1, (__v4hi)__m2);
           ^~~~~~~~~~~~~~~~~~~~~~~~~~~~~~~~~~~~~~~~~~~~~~~~~~~~~~~~~~
/home/mirek/Android/Sdk/ndk/25.1.8937393/toolchains/llvm/prebuilt/linux-x86_64/lib64/clang/14.0.6/include/mmintrin.h:163:12: error: invalid conversion between vector type '__m64' (vector of 1 'long long' value) and integer type 'int' of different size
    return (__m64)__builtin_ia32_packssdw((__v2si)__m1, (__v2si)__m2);
           ^~~~~~~~~~~~~~~~~~~~~~~~~~~~~~~~~~~~~~~~~~~~~~~~~~~~~~~~~~
/home/mirek/Android/Sdk/ndk/25.1.8937393/toolchains/llvm/prebuilt/linux-x86_64/lib64/clang/14.0.6/include/mmintrin.h:193:12: error: invalid conversion between vector type '__m64' (vector of 1 'long long' value) and integer type 'int' of different size
    return (__m64)__builtin_ia32_packuswb((__v4hi)__m1, (__v4hi)__m2);
           ^~~~~~~~~~~~~~~~~~~~~~~~~~~~~~~~~~~~~~~~~~~~~~~~~~~~~~~~~~
/home/mirek/Android/Sdk/ndk/25.1.8937393/toolchains/llvm/prebuilt/linux-x86_64/lib64/clang/14.0.6/include/mmintrin.h:220:12: error: invalid conversion between vector type '__m64' (vector of 1 'long long' value) and integer type 'int' of different size
    return (__m64)__builtin_ia32_punpckhbw((__v8qi)__m1, (__v8qi)__m2);
           ^~~~~~~~~~~~~~~~~~~~~~~~~~~~~~~~~~~~~~~~~~~~~~~~~~~~~~~~~~~
/home/mirek/Android/Sdk/ndk/25.1.8937393/toolchains/llvm/prebuilt/linux-x86_64/lib64/clang/14.0.6/include/mmintrin.h:243:12: error: invalid conversion between vector type '__m64' (vector of 1 'long long' value) and integer type 'int' of different size
    return (__m64)__builtin_ia32_punpckhwd((__v4hi)__m1, (__v4hi)__m2);
           ^~~~~~~~~~~~~~~~~~~~~~~~~~~~~~~~~~~~~~~~~~~~~~~~~~~~~~~~~~~
/home/mirek/Android/Sdk/ndk/25.1.8937393/toolchains/llvm/prebuilt/linux-x86_64/lib64/clang/14.0.6/include/mmintrin.h:264:12: error: invalid conversion between vector type '__m64' (vector of 1 'long long' value) and integer type 'int' of different size
    return (__m64)__builtin_ia32_punpckhdq((__v2si)__m1, (__v2si)__m2);
           ^~~~~~~~~~~~~~~~~~~~~~~~~~~~~~~~~~~~~~~~~~~~~~~~~~~~~~~~~~~
/home/mirek/Android/Sdk/ndk/25.1.8937393/toolchains/llvm/prebuilt/linux-x86_64/lib64/clang/14.0.6/include/mmintrin.h:291:12: error: invalid conversion between vector type '__m64' (vector of 1 'long long' value) and integer type 'int' of different size
    return (__m64)__builtin_ia32_punpcklbw((__v8qi)__m1, (__v8qi)__m2);
           ^~~~~~~~~~~~~~~~~~~~~~~~~~~~~~~~~~~~~~~~~~~~~~~~~~~~~~~~~~~
/home/mirek/Android/Sdk/ndk/25.1.8937393/toolchains/llvm/prebuilt/linux-x86_64/lib64/clang/14.0.6/include/mmintrin.h:314:12: error: invalid conversion between vector type '__m64' (vector of 1 'long long' value) and integer type 'int' of different size
    return (__m64)__builtin_ia32_punpcklwd((__v4hi)__m1, (__v4hi)__m2);
           ^~~~~~~~~~~~~~~~~~~~~~~~~~~~~~~~~~~~~~~~~~~~~~~~~~~~~~~~~~~
/home/mirek/Android/Sdk/ndk/25.1.8937393/toolchains/llvm/prebuilt/linux-x86_64/lib64/clang/14.0.6/include/mmintrin.h:335:12: error: invalid conversion between vector type '__m64' (vector of 1 'long long' value) and integer type 'int' of different size
    return (__m64)__builtin_ia32_punpckldq((__v2si)__m1, (__v2si)__m2);
           ^~~~~~~~~~~~~~~~~~~~~~~~~~~~~~~~~~~~~~~~~~~~~~~~~~~~~~~~~~~
/home/mirek/Android/Sdk/ndk/25.1.8937393/toolchains/llvm/prebuilt/linux-x86_64/lib64/clang/14.0.6/include/mmintrin.h:356:12: error: invalid conversion between vector type '__m64' (vector of 1 'long long' value) and integer type 'int' of different size
    return (__m64)__builtin_ia32_paddb((__v8qi)__m1, (__v8qi)__m2);
           ^~~~~~~~~~~~~~~~~~~~~~~~~~~~~~~~~~~~~~~~~~~~~~~~~~~~~~~
/home/mirek/Android/Sdk/ndk/25.1.8937393/toolchains/llvm/prebuilt/linux-x86_64/lib64/clang/14.0.6/include/mmintrin.h:377:12: error: invalid conversion between vector type '__m64' (vector of 1 'long long' value) and integer type 'int' of different size
    return (__m64)__builtin_ia32_paddw((__v4hi)__m1, (__v4hi)__m2);
           ^~~~~~~~~~~~~~~~~~~~~~~~~~~~~~~~~~~~~~~~~~~~~~~~~~~~~~~
/home/mirek/Android/Sdk/ndk/25.1.8937393/toolchains/llvm/prebuilt/linux-x86_64/lib64/clang/14.0.6/include/mmintrin.h:398:12: error: invalid conversion between vector type '__m64' (vector of 1 'long long' value) and integer type 'int' of different size
    return (__m64)__builtin_ia32_paddd((__v2si)__m1, (__v2si)__m2);
           ^~~~~~~~~~~~~~~~~~~~~~~~~~~~~~~~~~~~~~~~~~~~~~~~~~~~~~~
/home/mirek/Android/Sdk/ndk/25.1.8937393/toolchains/llvm/prebuilt/linux-x86_64/lib64/clang/14.0.6/include/mmintrin.h:420:12: error: invalid conversion between vector type '__m64' (vector of 1 'long long' value) and integer type 'int' of different size
    return (__m64)__builtin_ia32_paddsb((__v8qi)__m1, (__v8qi)__m2);
           ^~~~~~~~~~~~~~~~~~~~~~~~~~~~~~~~~~~~~~~~~~~~~~~~~~~~~~~~
/home/mirek/Android/Sdk/ndk/25.1.8937393/toolchains/llvm/prebuilt/linux-x86_64/lib64/clang/14.0.6/include/mmintrin.h:443:12: error: invalid conversion between vector type '__m64' (vector of 1 'long long' value) and integer type 'int' of different size
    return (__m64)__builtin_ia32_paddsw((__v4hi)__m1, (__v4hi)__m2);
           ^~~~~~~~~~~~~~~~~~~~~~~~~~~~~~~~~~~~~~~~~~~~~~~~~~~~~~~~
/home/mirek/Android/Sdk/ndk/25.1.8937393/toolchains/llvm/prebuilt/linux-x86_64/lib64/clang/14.0.6/include/mmintrin.h:465:12: error: invalid conversion between vector type '__m64' (vector of 1 'long long' value) and integer type 'int' of different size
    return (__m64)__builtin_ia32_paddusb((__v8qi)__m1, (__v8qi)__m2);
           ^~~~~~~~~~~~~~~~~~~~~~~~~~~~~~~~~~~~~~~~~~~~~~~~~~~~~~~~~
fatal error: too many errors emitted, stopping now [-ferror-limit=]
20 errors generated.
ninja: build stopped: subcommand failed.



Performing C SOURCE FILE Test HAVE_ALTIVEC_H_HDR failed with the following output:
Change Dir: /home/mirek/amiberry-android/amiberry/android/app/.cxx/Debug/2h3d1g1b/arm64-v8a/CMakeFiles/CMakeTmp

Run Build Command(s):/home/mirek/Android/Sdk/cmake/3.22.1/bin/ninja cmTC_29ba2 && [1/2] Building C object CMakeFiles/cmTC_29ba2.dir/src.c.o
FAILED: CMakeFiles/cmTC_29ba2.dir/src.c.o 
/home/mirek/Android/Sdk/ndk/25.1.8937393/toolchains/llvm/prebuilt/linux-x86_64/bin/clang --target=aarch64-none-linux-android30 --sysroot=/home/mirek/Android/Sdk/ndk/25.1.8937393/toolchains/llvm/prebuilt/linux-x86_64/sysroot -DHAVE_ALTIVEC_H_HDR  -g -DANDROID -fdata-sections -ffunction-sections -funwind-tables -fstack-protector-strong -no-canonical-prefixes -D_FORTIFY_SOURCE=2 -Wformat -Werror=format-security  -idirafter "/home/mirek/amiberry-android/amiberry/external/SDL2/src/video/khronos" -maltivec -fPIE -MD -MT CMakeFiles/cmTC_29ba2.dir/src.c.o -MF CMakeFiles/cmTC_29ba2.dir/src.c.o.d -o CMakeFiles/cmTC_29ba2.dir/src.c.o -c /home/mirek/amiberry-android/amiberry/android/app/.cxx/Debug/2h3d1g1b/arm64-v8a/CMakeFiles/CMakeTmp/src.c
clang: warning: argument unused during compilation: '-maltivec' [-Wunused-command-line-argument]
In file included from /home/mirek/amiberry-android/amiberry/android/app/.cxx/Debug/2h3d1g1b/arm64-v8a/CMakeFiles/CMakeTmp/src.c:2:
/home/mirek/Android/Sdk/ndk/25.1.8937393/toolchains/llvm/prebuilt/linux-x86_64/lib64/clang/14.0.6/include/altivec.h:13:2: error: "AltiVec support not enabled"
#error "AltiVec support not enabled"
 ^
/home/mirek/Android/Sdk/ndk/25.1.8937393/toolchains/llvm/prebuilt/linux-x86_64/lib64/clang/14.0.6/include/altivec.h:50:19: error: unknown type name 'vector'
static __inline__ vector signed char __ATTRS_o_ai vec_perm(
                  ^
/home/mirek/Android/Sdk/ndk/25.1.8937393/toolchains/llvm/prebuilt/linux-x86_64/lib64/clang/14.0.6/include/altivec.h:51:5: error: unknown type name 'vector'
    vector signed char __a, vector signed char __b, vector unsigned char __c);
    ^
/home/mirek/Android/Sdk/ndk/25.1.8937393/toolchains/llvm/prebuilt/linux-x86_64/lib64/clang/14.0.6/include/altivec.h:51:29: error: unknown type name 'vector'
    vector signed char __a, vector signed char __b, vector unsigned char __c);
                            ^
/home/mirek/Android/Sdk/ndk/25.1.8937393/toolchains/llvm/prebuilt/linux-x86_64/lib64/clang/14.0.6/include/altivec.h:51:53: error: unknown type name 'vector'
    vector signed char __a, vector signed char __b, vector unsigned char __c);
                                                    ^
/home/mirek/Android/Sdk/ndk/25.1.8937393/toolchains/llvm/prebuilt/linux-x86_64/lib64/clang/14.0.6/include/altivec.h:53:19: error: unknown type name 'vector'
static __inline__ vector unsigned char __ATTRS_o_ai
                  ^
/home/mirek/Android/Sdk/ndk/25.1.8937393/toolchains/llvm/prebuilt/linux-x86_64/lib64/clang/14.0.6/include/altivec.h:54:10: error: unknown type name 'vector'
vec_perm(vector unsigned char __a, vector unsigned char __b,
         ^
/home/mirek/Android/Sdk/ndk/25.1.8937393/toolchains/llvm/prebuilt/linux-x86_64/lib64/clang/14.0.6/include/altivec.h:54:36: error: unknown type name 'vector'
vec_perm(vector unsigned char __a, vector unsigned char __b,
                                   ^
/home/mirek/Android/Sdk/ndk/25.1.8937393/toolchains/llvm/prebuilt/linux-x86_64/lib64/clang/14.0.6/include/altivec.h:55:10: error: unknown type name 'vector'
         vector unsigned char __c);
         ^
/home/mirek/Android/Sdk/ndk/25.1.8937393/toolchains/llvm/prebuilt/linux-x86_64/lib64/clang/14.0.6/include/altivec.h:57:19: error: unknown type name 'vector'
static __inline__ vector bool char __ATTRS_o_ai
                  ^
/home/mirek/Android/Sdk/ndk/25.1.8937393/toolchains/llvm/prebuilt/linux-x86_64/lib64/clang/14.0.6/include/altivec.h:57:8: error: 'inline' can only appear on functions
static __inline__ vector bool char __ATTRS_o_ai
       ^
/home/mirek/Android/Sdk/ndk/25.1.8937393/toolchains/llvm/prebuilt/linux-x86_64/lib64/clang/14.0.6/include/altivec.h:57:30: error: expected ';' after top level declarator
static __inline__ vector bool char __ATTRS_o_ai
                             ^
/home/mirek/Android/Sdk/ndk/25.1.8937393/toolchains/llvm/prebuilt/linux-x86_64/lib64/clang/14.0.6/include/altivec.h:58:10: error: unknown type name 'vector'
vec_perm(vector bool char __a, vector bool char __b, vector unsigned char __c);
         ^
/home/mirek/Android/Sdk/ndk/25.1.8937393/toolchains/llvm/prebuilt/linux-x86_64/lib64/clang/14.0.6/include/altivec.h:58:22: error: expected ')'
vec_perm(vector bool char __a, vector bool char __b, vector unsigned char __c);
                     ^
/home/mirek/Android/Sdk/ndk/25.1.8937393/toolchains/llvm/prebuilt/linux-x86_64/lib64/clang/14.0.6/include/altivec.h:58:9: note: to match this '('
vec_perm(vector bool char __a, vector bool char __b, vector unsigned char __c);
        ^
/home/mirek/Android/Sdk/ndk/25.1.8937393/toolchains/llvm/prebuilt/linux-x86_64/lib64/clang/14.0.6/include/altivec.h:60:19: error: unknown type name 'vector'
static __inline__ vector short __ATTRS_o_ai vec_perm(vector signed short __a,
                  ^
/home/mirek/Android/Sdk/ndk/25.1.8937393/toolchains/llvm/prebuilt/linux-x86_64/lib64/clang/14.0.6/include/altivec.h:60:54: error: unknown type name 'vector'
static __inline__ vector short __ATTRS_o_ai vec_perm(vector signed short __a,
                                                     ^
/home/mirek/Android/Sdk/ndk/25.1.8937393/toolchains/llvm/prebuilt/linux-x86_64/lib64/clang/14.0.6/include/altivec.h:61:54: error: unknown type name 'vector'
                                                     vector signed short __b,
                                                     ^
/home/mirek/Android/Sdk/ndk/25.1.8937393/toolchains/llvm/prebuilt/linux-x86_64/lib64/clang/14.0.6/include/altivec.h:62:54: error: unknown type name 'vector'
                                                     vector unsigned char __c);
                                                     ^
/home/mirek/Android/Sdk/ndk/25.1.8937393/toolchains/llvm/prebuilt/linux-x86_64/lib64/clang/14.0.6/include/altivec.h:64:19: error: unknown type name 'vector'
static __inline__ vector unsigned short __ATTRS_o_ai
                  ^
fatal error: too many errors emitted, stopping now [-ferror-limit=]
20 errors generated.
ninja: build stopped: subcommand failed.


Source file was:

          #include <altivec.h>
          vector unsigned int vzero() {
              return vec_splat_u32(0);
          }
          int main(int argc, char **argv) { return 0; }
Performing C SOURCE FILE Test CPU_SUPPORTS_ALTIVEC failed with the following output:
Change Dir: /home/mirek/amiberry-android/amiberry/android/app/.cxx/Debug/2h3d1g1b/arm64-v8a/CMakeFiles/CMakeTmp

Run Build Command(s):/home/mirek/Android/Sdk/cmake/3.22.1/bin/ninja cmTC_6fe9b && [1/2] Building C object CMakeFiles/cmTC_6fe9b.dir/src.c.o
FAILED: CMakeFiles/cmTC_6fe9b.dir/src.c.o 
/home/mirek/Android/Sdk/ndk/25.1.8937393/toolchains/llvm/prebuilt/linux-x86_64/bin/clang --target=aarch64-none-linux-android30 --sysroot=/home/mirek/Android/Sdk/ndk/25.1.8937393/toolchains/llvm/prebuilt/linux-x86_64/sysroot -DCPU_SUPPORTS_ALTIVEC  -g -DANDROID -fdata-sections -ffunction-sections -funwind-tables -fstack-protector-strong -no-canonical-prefixes -D_FORTIFY_SOURCE=2 -Wformat -Werror=format-security  -idirafter "/home/mirek/amiberry-android/amiberry/external/SDL2/src/video/khronos" -maltivec -fPIE -MD -MT CMakeFiles/cmTC_6fe9b.dir/src.c.o -MF CMakeFiles/cmTC_6fe9b.dir/src.c.o.d -o CMakeFiles/cmTC_6fe9b.dir/src.c.o -c /home/mirek/amiberry-android/amiberry/android/app/.cxx/Debug/2h3d1g1b/arm64-v8a/CMakeFiles/CMakeTmp/src.c
clang: warning: argument unused during compilation: '-maltivec' [-Wunused-command-line-argument]
/home/mirek/amiberry-android/amiberry/android/app/.cxx/Debug/2h3d1g1b/arm64-v8a/CMakeFiles/CMakeTmp/src.c:2:11: error: unknown type name 'vector'
          vector unsigned int vzero() {
          ^
/home/mirek/amiberry-android/amiberry/android/app/.cxx/Debug/2h3d1g1b/arm64-v8a/CMakeFiles/CMakeTmp/src.c:3:22: warning: implicit declaration of function 'vec_splat_u32' is invalid in C99 [-Wimplicit-function-declaration]
              return vec_splat_u32(0);
                     ^
1 warning and 1 error generated.
ninja: build stopped: subcommand failed.


Source file was:

          vector unsigned int vzero() {
              return vec_splat_u32(0);
          }
          int main(int argc, char **argv) { return 0; }
Determining if the _strrev exist failed with the following output:
Change Dir: /home/mirek/amiberry-android/amiberry/android/app/.cxx/Debug/2h3d1g1b/arm64-v8a/CMakeFiles/CMakeTmp

Run Build Command(s):/home/mirek/Android/Sdk/cmake/3.22.1/bin/ninja cmTC_39f86 && [1/2] Building C object CMakeFiles/cmTC_39f86.dir/CheckSymbolExists.c.o
FAILED: CMakeFiles/cmTC_39f86.dir/CheckSymbolExists.c.o 
/home/mirek/Android/Sdk/ndk/25.1.8937393/toolchains/llvm/prebuilt/linux-x86_64/bin/clang --target=aarch64-none-linux-android30 --sysroot=/home/mirek/Android/Sdk/ndk/25.1.8937393/toolchains/llvm/prebuilt/linux-x86_64/sysroot   -g -DANDROID -fdata-sections -ffunction-sections -funwind-tables -fstack-protector-strong -no-canonical-prefixes -D_FORTIFY_SOURCE=2 -Wformat -Werror=format-security  -idirafter "/home/mirek/amiberry-android/amiberry/external/SDL2/src/video/khronos"  -D_GNU_SOURCE=1 -fPIE -MD -MT CMakeFiles/cmTC_39f86.dir/CheckSymbolExists.c.o -MF CMakeFiles/cmTC_39f86.dir/CheckSymbolExists.c.o.d -o CMakeFiles/cmTC_39f86.dir/CheckSymbolExists.c.o -c /home/mirek/amiberry-android/amiberry/android/app/.cxx/Debug/2h3d1g1b/arm64-v8a/CMakeFiles/CMakeTmp/CheckSymbolExists.c
/home/mirek/amiberry-android/amiberry/android/app/.cxx/Debug/2h3d1g1b/arm64-v8a/CMakeFiles/CMakeTmp/CheckSymbolExists.c:14:19: error: use of undeclared identifier '_strrev'; did you mean 'strsep'?
  return ((int*)(&_strrev))[argc];
                  ^~~~~~~
                  strsep
/home/mirek/Android/Sdk/ndk/25.1.8937393/toolchains/llvm/prebuilt/linux-x86_64/sysroot/usr/include/string.h:150:7: note: 'strsep' declared here
char* strsep(char** __s_ptr, const char* __delimiter);
      ^
1 error generated.
ninja: build stopped: subcommand failed.


File /home/mirek/amiberry-android/amiberry/android/app/.cxx/Debug/2h3d1g1b/arm64-v8a/CMakeFiles/CMakeTmp/CheckSymbolExists.c:
/* */
#include <stddef.h>
#include <stdarg.h>
#include <stdlib.h>
#include <string.h>
#include <stdio.h>
#include <wchar.h>
#include <float.h>

int main(int argc, char** argv)
{
  (void)argv;
#ifndef _strrev
  return ((int*)(&_strrev))[argc];
#else
  (void)argc;
  return 0;
#endif
}
Determining if the _strupr exist failed with the following output:
Change Dir: /home/mirek/amiberry-android/amiberry/android/app/.cxx/Debug/2h3d1g1b/arm64-v8a/CMakeFiles/CMakeTmp

Run Build Command(s):/home/mirek/Android/Sdk/cmake/3.22.1/bin/ninja cmTC_13c95 && [1/2] Building C object CMakeFiles/cmTC_13c95.dir/CheckSymbolExists.c.o
FAILED: CMakeFiles/cmTC_13c95.dir/CheckSymbolExists.c.o 
/home/mirek/Android/Sdk/ndk/25.1.8937393/toolchains/llvm/prebuilt/linux-x86_64/bin/clang --target=aarch64-none-linux-android30 --sysroot=/home/mirek/Android/Sdk/ndk/25.1.8937393/toolchains/llvm/prebuilt/linux-x86_64/sysroot   -g -DANDROID -fdata-sections -ffunction-sections -funwind-tables -fstack-protector-strong -no-canonical-prefixes -D_FORTIFY_SOURCE=2 -Wformat -Werror=format-security  -idirafter "/home/mirek/amiberry-android/amiberry/external/SDL2/src/video/khronos"  -D_GNU_SOURCE=1 -fPIE -MD -MT CMakeFiles/cmTC_13c95.dir/CheckSymbolExists.c.o -MF CMakeFiles/cmTC_13c95.dir/CheckSymbolExists.c.o.d -o CMakeFiles/cmTC_13c95.dir/CheckSymbolExists.c.o -c /home/mirek/amiberry-android/amiberry/android/app/.cxx/Debug/2h3d1g1b/arm64-v8a/CMakeFiles/CMakeTmp/CheckSymbolExists.c
/home/mirek/amiberry-android/amiberry/android/app/.cxx/Debug/2h3d1g1b/arm64-v8a/CMakeFiles/CMakeTmp/CheckSymbolExists.c:14:19: error: use of undeclared identifier '_strupr'
  return ((int*)(&_strupr))[argc];
                  ^
1 error generated.
ninja: build stopped: subcommand failed.


File /home/mirek/amiberry-android/amiberry/android/app/.cxx/Debug/2h3d1g1b/arm64-v8a/CMakeFiles/CMakeTmp/CheckSymbolExists.c:
/* */
#include <stddef.h>
#include <stdarg.h>
#include <stdlib.h>
#include <string.h>
#include <stdio.h>
#include <wchar.h>
#include <float.h>

int main(int argc, char** argv)
{
  (void)argv;
#ifndef _strupr
  return ((int*)(&_strupr))[argc];
#else
  (void)argc;
  return 0;
#endif
}
Determining if the _strlwr exist failed with the following output:
Change Dir: /home/mirek/amiberry-android/amiberry/android/app/.cxx/Debug/2h3d1g1b/arm64-v8a/CMakeFiles/CMakeTmp

Run Build Command(s):/home/mirek/Android/Sdk/cmake/3.22.1/bin/ninja cmTC_7f32e && [1/2] Building C object CMakeFiles/cmTC_7f32e.dir/CheckSymbolExists.c.o
FAILED: CMakeFiles/cmTC_7f32e.dir/CheckSymbolExists.c.o 
/home/mirek/Android/Sdk/ndk/25.1.8937393/toolchains/llvm/prebuilt/linux-x86_64/bin/clang --target=aarch64-none-linux-android30 --sysroot=/home/mirek/Android/Sdk/ndk/25.1.8937393/toolchains/llvm/prebuilt/linux-x86_64/sysroot   -g -DANDROID -fdata-sections -ffunction-sections -funwind-tables -fstack-protector-strong -no-canonical-prefixes -D_FORTIFY_SOURCE=2 -Wformat -Werror=format-security  -idirafter "/home/mirek/amiberry-android/amiberry/external/SDL2/src/video/khronos"  -D_GNU_SOURCE=1 -fPIE -MD -MT CMakeFiles/cmTC_7f32e.dir/CheckSymbolExists.c.o -MF CMakeFiles/cmTC_7f32e.dir/CheckSymbolExists.c.o.d -o CMakeFiles/cmTC_7f32e.dir/CheckSymbolExists.c.o -c /home/mirek/amiberry-android/amiberry/android/app/.cxx/Debug/2h3d1g1b/arm64-v8a/CMakeFiles/CMakeTmp/CheckSymbolExists.c
/home/mirek/amiberry-android/amiberry/android/app/.cxx/Debug/2h3d1g1b/arm64-v8a/CMakeFiles/CMakeTmp/CheckSymbolExists.c:14:19: error: use of undeclared identifier '_strlwr'; did you mean 'strstr'?
  return ((int*)(&_strlwr))[argc];
                  ^~~~~~~
                  strstr
/home/mirek/Android/Sdk/ndk/25.1.8937393/toolchains/llvm/prebuilt/linux-x86_64/sysroot/usr/include/string.h:112:7: note: 'strstr' declared here
char* strstr(const char* __haystack, const char* __needle) __attribute_pure__;
      ^
1 error generated.
ninja: build stopped: subcommand failed.


File /home/mirek/amiberry-android/amiberry/android/app/.cxx/Debug/2h3d1g1b/arm64-v8a/CMakeFiles/CMakeTmp/CheckSymbolExists.c:
/* */
#include <stddef.h>
#include <stdarg.h>
#include <stdlib.h>
#include <string.h>
#include <stdio.h>
#include <wchar.h>
#include <float.h>

int main(int argc, char** argv)
{
  (void)argv;
#ifndef _strlwr
  return ((int*)(&_strlwr))[argc];
#else
  (void)argc;
  return 0;
#endif
}
Determining if the index exist failed with the following output:
Change Dir: /home/mirek/amiberry-android/amiberry/android/app/.cxx/Debug/2h3d1g1b/arm64-v8a/CMakeFiles/CMakeTmp

Run Build Command(s):/home/mirek/Android/Sdk/cmake/3.22.1/bin/ninja cmTC_3d1b8 && [1/2] Building C object CMakeFiles/cmTC_3d1b8.dir/CheckSymbolExists.c.o
/home/mirek/amiberry-android/amiberry/android/app/.cxx/Debug/2h3d1g1b/arm64-v8a/CMakeFiles/CMakeTmp/CheckSymbolExists.c:14:19: warning: implicitly declaring library function 'index' with type 'char *(const char *, int)' [-Wimplicit-function-declaration]
  return ((int*)(&index))[argc];
                  ^
/home/mirek/amiberry-android/amiberry/android/app/.cxx/Debug/2h3d1g1b/arm64-v8a/CMakeFiles/CMakeTmp/CheckSymbolExists.c:14:19: note: include the header <strings.h> or explicitly provide a declaration for 'index'
1 warning generated.
[2/2] Linking C executable cmTC_3d1b8
FAILED: cmTC_3d1b8 
: && /home/mirek/Android/Sdk/ndk/25.1.8937393/toolchains/llvm/prebuilt/linux-x86_64/bin/clang --target=aarch64-none-linux-android30 --sysroot=/home/mirek/Android/Sdk/ndk/25.1.8937393/toolchains/llvm/prebuilt/linux-x86_64/sysroot -g -DANDROID -fdata-sections -ffunction-sections -funwind-tables -fstack-protector-strong -no-canonical-prefixes -D_FORTIFY_SOURCE=2 -Wformat -Werror=format-security  -idirafter "/home/mirek/amiberry-android/amiberry/external/SDL2/src/video/khronos"  -D_GNU_SOURCE=1 -Wl,--build-id=sha1 -Wl,--fatal-warnings -Wl,--gc-sections -Wl,--no-undefined -Qunused-arguments -Wl,--gc-sections  -landroid -llog CMakeFiles/cmTC_3d1b8.dir/CheckSymbolExists.c.o -o cmTC_3d1b8  -latomic -lm && :
ld: error: undefined symbol: index
>>> referenced by CheckSymbolExists.c:0
>>>               CMakeFiles/cmTC_3d1b8.dir/CheckSymbolExists.c.o:(main)
>>> referenced by CheckSymbolExists.c:0
>>>               CMakeFiles/cmTC_3d1b8.dir/CheckSymbolExists.c.o:(main)
clang: error: linker command failed with exit code 1 (use -v to see invocation)
ninja: build stopped: subcommand failed.


File /home/mirek/amiberry-android/amiberry/android/app/.cxx/Debug/2h3d1g1b/arm64-v8a/CMakeFiles/CMakeTmp/CheckSymbolExists.c:
/* */
#include <stddef.h>
#include <stdarg.h>
#include <stdlib.h>
#include <string.h>
#include <stdio.h>
#include <wchar.h>
#include <float.h>

int main(int argc, char** argv)
{
  (void)argv;
#ifndef index
  return ((int*)(&index))[argc];
#else
  (void)argc;
  return 0;
#endif
}
Determining if the rindex exist failed with the following output:
Change Dir: /home/mirek/amiberry-android/amiberry/android/app/.cxx/Debug/2h3d1g1b/arm64-v8a/CMakeFiles/CMakeTmp

Run Build Command(s):/home/mirek/Android/Sdk/cmake/3.22.1/bin/ninja cmTC_74958 && [1/2] Building C object CMakeFiles/cmTC_74958.dir/CheckSymbolExists.c.o
/home/mirek/amiberry-android/amiberry/android/app/.cxx/Debug/2h3d1g1b/arm64-v8a/CMakeFiles/CMakeTmp/CheckSymbolExists.c:14:19: warning: implicitly declaring library function 'rindex' with type 'char *(const char *, int)' [-Wimplicit-function-declaration]
  return ((int*)(&rindex))[argc];
                  ^
/home/mirek/amiberry-android/amiberry/android/app/.cxx/Debug/2h3d1g1b/arm64-v8a/CMakeFiles/CMakeTmp/CheckSymbolExists.c:14:19: note: include the header <strings.h> or explicitly provide a declaration for 'rindex'
1 warning generated.
[2/2] Linking C executable cmTC_74958
FAILED: cmTC_74958 
: && /home/mirek/Android/Sdk/ndk/25.1.8937393/toolchains/llvm/prebuilt/linux-x86_64/bin/clang --target=aarch64-none-linux-android30 --sysroot=/home/mirek/Android/Sdk/ndk/25.1.8937393/toolchains/llvm/prebuilt/linux-x86_64/sysroot -g -DANDROID -fdata-sections -ffunction-sections -funwind-tables -fstack-protector-strong -no-canonical-prefixes -D_FORTIFY_SOURCE=2 -Wformat -Werror=format-security  -idirafter "/home/mirek/amiberry-android/amiberry/external/SDL2/src/video/khronos"  -D_GNU_SOURCE=1 -Wl,--build-id=sha1 -Wl,--fatal-warnings -Wl,--gc-sections -Wl,--no-undefined -Qunused-arguments -Wl,--gc-sections  -landroid -llog CMakeFiles/cmTC_74958.dir/CheckSymbolExists.c.o -o cmTC_74958  -latomic -lm && :
ld: error: undefined symbol: rindex
>>> referenced by CheckSymbolExists.c:0
>>>               CMakeFiles/cmTC_74958.dir/CheckSymbolExists.c.o:(main)
>>> referenced by CheckSymbolExists.c:0
>>>               CMakeFiles/cmTC_74958.dir/CheckSymbolExists.c.o:(main)
clang: error: linker command failed with exit code 1 (use -v to see invocation)
ninja: build stopped: subcommand failed.


File /home/mirek/amiberry-android/amiberry/android/app/.cxx/Debug/2h3d1g1b/arm64-v8a/CMakeFiles/CMakeTmp/CheckSymbolExists.c:
/* */
#include <stddef.h>
#include <stdarg.h>
#include <stdlib.h>
#include <string.h>
#include <stdio.h>
#include <wchar.h>
#include <float.h>

int main(int argc, char** argv)
{
  (void)argv;
#ifndef rindex
  return ((int*)(&rindex))[argc];
#else
  (void)argc;
  return 0;
#endif
}
Determining if the itoa exist failed with the following output:
Change Dir: /home/mirek/amiberry-android/amiberry/android/app/.cxx/Debug/2h3d1g1b/arm64-v8a/CMakeFiles/CMakeTmp

Run Build Command(s):/home/mirek/Android/Sdk/cmake/3.22.1/bin/ninja cmTC_95063 && [1/2] Building C object CMakeFiles/cmTC_95063.dir/CheckSymbolExists.c.o
FAILED: CMakeFiles/cmTC_95063.dir/CheckSymbolExists.c.o 
/home/mirek/Android/Sdk/ndk/25.1.8937393/toolchains/llvm/prebuilt/linux-x86_64/bin/clang --target=aarch64-none-linux-android30 --sysroot=/home/mirek/Android/Sdk/ndk/25.1.8937393/toolchains/llvm/prebuilt/linux-x86_64/sysroot   -g -DANDROID -fdata-sections -ffunction-sections -funwind-tables -fstack-protector-strong -no-canonical-prefixes -D_FORTIFY_SOURCE=2 -Wformat -Werror=format-security  -idirafter "/home/mirek/amiberry-android/amiberry/external/SDL2/src/video/khronos"  -D_GNU_SOURCE=1 -fPIE -MD -MT CMakeFiles/cmTC_95063.dir/CheckSymbolExists.c.o -MF CMakeFiles/cmTC_95063.dir/CheckSymbolExists.c.o.d -o CMakeFiles/cmTC_95063.dir/CheckSymbolExists.c.o -c /home/mirek/amiberry-android/amiberry/android/app/.cxx/Debug/2h3d1g1b/arm64-v8a/CMakeFiles/CMakeTmp/CheckSymbolExists.c
/home/mirek/amiberry-android/amiberry/android/app/.cxx/Debug/2h3d1g1b/arm64-v8a/CMakeFiles/CMakeTmp/CheckSymbolExists.c:14:19: error: use of undeclared identifier 'itoa'
  return ((int*)(&itoa))[argc];
                  ^
1 error generated.
ninja: build stopped: subcommand failed.


File /home/mirek/amiberry-android/amiberry/android/app/.cxx/Debug/2h3d1g1b/arm64-v8a/CMakeFiles/CMakeTmp/CheckSymbolExists.c:
/* */
#include <stddef.h>
#include <stdarg.h>
#include <stdlib.h>
#include <string.h>
#include <stdio.h>
#include <wchar.h>
#include <float.h>

int main(int argc, char** argv)
{
  (void)argv;
#ifndef itoa
  return ((int*)(&itoa))[argc];
#else
  (void)argc;
  return 0;
#endif
}
Determining if the _ltoa exist failed with the following output:
Change Dir: /home/mirek/amiberry-android/amiberry/android/app/.cxx/Debug/2h3d1g1b/arm64-v8a/CMakeFiles/CMakeTmp

Run Build Command(s):/home/mirek/Android/Sdk/cmake/3.22.1/bin/ninja cmTC_0033e && [1/2] Building C object CMakeFiles/cmTC_0033e.dir/CheckSymbolExists.c.o
FAILED: CMakeFiles/cmTC_0033e.dir/CheckSymbolExists.c.o 
/home/mirek/Android/Sdk/ndk/25.1.8937393/toolchains/llvm/prebuilt/linux-x86_64/bin/clang --target=aarch64-none-linux-android30 --sysroot=/home/mirek/Android/Sdk/ndk/25.1.8937393/toolchains/llvm/prebuilt/linux-x86_64/sysroot   -g -DANDROID -fdata-sections -ffunction-sections -funwind-tables -fstack-protector-strong -no-canonical-prefixes -D_FORTIFY_SOURCE=2 -Wformat -Werror=format-security  -idirafter "/home/mirek/amiberry-android/amiberry/external/SDL2/src/video/khronos"  -D_GNU_SOURCE=1 -fPIE -MD -MT CMakeFiles/cmTC_0033e.dir/CheckSymbolExists.c.o -MF CMakeFiles/cmTC_0033e.dir/CheckSymbolExists.c.o.d -o CMakeFiles/cmTC_0033e.dir/CheckSymbolExists.c.o -c /home/mirek/amiberry-android/amiberry/android/app/.cxx/Debug/2h3d1g1b/arm64-v8a/CMakeFiles/CMakeTmp/CheckSymbolExists.c
/home/mirek/amiberry-android/amiberry/android/app/.cxx/Debug/2h3d1g1b/arm64-v8a/CMakeFiles/CMakeTmp/CheckSymbolExists.c:14:19: error: use of undeclared identifier '_ltoa'
  return ((int*)(&_ltoa))[argc];
                  ^
1 error generated.
ninja: build stopped: subcommand failed.


File /home/mirek/amiberry-android/amiberry/android/app/.cxx/Debug/2h3d1g1b/arm64-v8a/CMakeFiles/CMakeTmp/CheckSymbolExists.c:
/* */
#include <stddef.h>
#include <stdarg.h>
#include <stdlib.h>
#include <string.h>
#include <stdio.h>
#include <wchar.h>
#include <float.h>

int main(int argc, char** argv)
{
  (void)argv;
#ifndef _ltoa
  return ((int*)(&_ltoa))[argc];
#else
  (void)argc;
  return 0;
#endif
}
Determining if the _uitoa exist failed with the following output:
Change Dir: /home/mirek/amiberry-android/amiberry/android/app/.cxx/Debug/2h3d1g1b/arm64-v8a/CMakeFiles/CMakeTmp

Run Build Command(s):/home/mirek/Android/Sdk/cmake/3.22.1/bin/ninja cmTC_a50d8 && [1/2] Building C object CMakeFiles/cmTC_a50d8.dir/CheckSymbolExists.c.o
FAILED: CMakeFiles/cmTC_a50d8.dir/CheckSymbolExists.c.o 
/home/mirek/Android/Sdk/ndk/25.1.8937393/toolchains/llvm/prebuilt/linux-x86_64/bin/clang --target=aarch64-none-linux-android30 --sysroot=/home/mirek/Android/Sdk/ndk/25.1.8937393/toolchains/llvm/prebuilt/linux-x86_64/sysroot   -g -DANDROID -fdata-sections -ffunction-sections -funwind-tables -fstack-protector-strong -no-canonical-prefixes -D_FORTIFY_SOURCE=2 -Wformat -Werror=format-security  -idirafter "/home/mirek/amiberry-android/amiberry/external/SDL2/src/video/khronos"  -D_GNU_SOURCE=1 -fPIE -MD -MT CMakeFiles/cmTC_a50d8.dir/CheckSymbolExists.c.o -MF CMakeFiles/cmTC_a50d8.dir/CheckSymbolExists.c.o.d -o CMakeFiles/cmTC_a50d8.dir/CheckSymbolExists.c.o -c /home/mirek/amiberry-android/amiberry/android/app/.cxx/Debug/2h3d1g1b/arm64-v8a/CMakeFiles/CMakeTmp/CheckSymbolExists.c
/home/mirek/amiberry-android/amiberry/android/app/.cxx/Debug/2h3d1g1b/arm64-v8a/CMakeFiles/CMakeTmp/CheckSymbolExists.c:14:19: error: use of undeclared identifier '_uitoa'
  return ((int*)(&_uitoa))[argc];
                  ^
1 error generated.
ninja: build stopped: subcommand failed.


File /home/mirek/amiberry-android/amiberry/android/app/.cxx/Debug/2h3d1g1b/arm64-v8a/CMakeFiles/CMakeTmp/CheckSymbolExists.c:
/* */
#include <stddef.h>
#include <stdarg.h>
#include <stdlib.h>
#include <string.h>
#include <stdio.h>
#include <wchar.h>
#include <float.h>

int main(int argc, char** argv)
{
  (void)argv;
#ifndef _uitoa
  return ((int*)(&_uitoa))[argc];
#else
  (void)argc;
  return 0;
#endif
}
Determining if the _ultoa exist failed with the following output:
Change Dir: /home/mirek/amiberry-android/amiberry/android/app/.cxx/Debug/2h3d1g1b/arm64-v8a/CMakeFiles/CMakeTmp

Run Build Command(s):/home/mirek/Android/Sdk/cmake/3.22.1/bin/ninja cmTC_f04db && [1/2] Building C object CMakeFiles/cmTC_f04db.dir/CheckSymbolExists.c.o
FAILED: CMakeFiles/cmTC_f04db.dir/CheckSymbolExists.c.o 
/home/mirek/Android/Sdk/ndk/25.1.8937393/toolchains/llvm/prebuilt/linux-x86_64/bin/clang --target=aarch64-none-linux-android30 --sysroot=/home/mirek/Android/Sdk/ndk/25.1.8937393/toolchains/llvm/prebuilt/linux-x86_64/sysroot   -g -DANDROID -fdata-sections -ffunction-sections -funwind-tables -fstack-protector-strong -no-canonical-prefixes -D_FORTIFY_SOURCE=2 -Wformat -Werror=format-security  -idirafter "/home/mirek/amiberry-android/amiberry/external/SDL2/src/video/khronos"  -D_GNU_SOURCE=1 -fPIE -MD -MT CMakeFiles/cmTC_f04db.dir/CheckSymbolExists.c.o -MF CMakeFiles/cmTC_f04db.dir/CheckSymbolExists.c.o.d -o CMakeFiles/cmTC_f04db.dir/CheckSymbolExists.c.o -c /home/mirek/amiberry-android/amiberry/android/app/.cxx/Debug/2h3d1g1b/arm64-v8a/CMakeFiles/CMakeTmp/CheckSymbolExists.c
/home/mirek/amiberry-android/amiberry/android/app/.cxx/Debug/2h3d1g1b/arm64-v8a/CMakeFiles/CMakeTmp/CheckSymbolExists.c:14:19: error: use of undeclared identifier '_ultoa'
  return ((int*)(&_ultoa))[argc];
                  ^
1 error generated.
ninja: build stopped: subcommand failed.


File /home/mirek/amiberry-android/amiberry/android/app/.cxx/Debug/2h3d1g1b/arm64-v8a/CMakeFiles/CMakeTmp/CheckSymbolExists.c:
/* */
#include <stddef.h>
#include <stdarg.h>
#include <stdlib.h>
#include <string.h>
#include <stdio.h>
#include <wchar.h>
#include <float.h>

int main(int argc, char** argv)
{
  (void)argv;
#ifndef _ultoa
  return ((int*)(&_ultoa))[argc];
#else
  (void)argc;
  return 0;
#endif
}
Determining if the _i64toa exist failed with the following output:
Change Dir: /home/mirek/amiberry-android/amiberry/android/app/.cxx/Debug/2h3d1g1b/arm64-v8a/CMakeFiles/CMakeTmp

Run Build Command(s):/home/mirek/Android/Sdk/cmake/3.22.1/bin/ninja cmTC_6973a && [1/2] Building C object CMakeFiles/cmTC_6973a.dir/CheckSymbolExists.c.o
FAILED: CMakeFiles/cmTC_6973a.dir/CheckSymbolExists.c.o 
/home/mirek/Android/Sdk/ndk/25.1.8937393/toolchains/llvm/prebuilt/linux-x86_64/bin/clang --target=aarch64-none-linux-android30 --sysroot=/home/mirek/Android/Sdk/ndk/25.1.8937393/toolchains/llvm/prebuilt/linux-x86_64/sysroot   -g -DANDROID -fdata-sections -ffunction-sections -funwind-tables -fstack-protector-strong -no-canonical-prefixes -D_FORTIFY_SOURCE=2 -Wformat -Werror=format-security  -idirafter "/home/mirek/amiberry-android/amiberry/external/SDL2/src/video/khronos"  -D_GNU_SOURCE=1 -fPIE -MD -MT CMakeFiles/cmTC_6973a.dir/CheckSymbolExists.c.o -MF CMakeFiles/cmTC_6973a.dir/CheckSymbolExists.c.o.d -o CMakeFiles/cmTC_6973a.dir/CheckSymbolExists.c.o -c /home/mirek/amiberry-android/amiberry/android/app/.cxx/Debug/2h3d1g1b/arm64-v8a/CMakeFiles/CMakeTmp/CheckSymbolExists.c
/home/mirek/amiberry-android/amiberry/android/app/.cxx/Debug/2h3d1g1b/arm64-v8a/CMakeFiles/CMakeTmp/CheckSymbolExists.c:14:19: error: use of undeclared identifier '_i64toa'
  return ((int*)(&_i64toa))[argc];
                  ^
1 error generated.
ninja: build stopped: subcommand failed.


File /home/mirek/amiberry-android/amiberry/android/app/.cxx/Debug/2h3d1g1b/arm64-v8a/CMakeFiles/CMakeTmp/CheckSymbolExists.c:
/* */
#include <stddef.h>
#include <stdarg.h>
#include <stdlib.h>
#include <string.h>
#include <stdio.h>
#include <wchar.h>
#include <float.h>

int main(int argc, char** argv)
{
  (void)argv;
#ifndef _i64toa
  return ((int*)(&_i64toa))[argc];
#else
  (void)argc;
  return 0;
#endif
}
Determining if the _ui64toa exist failed with the following output:
Change Dir: /home/mirek/amiberry-android/amiberry/android/app/.cxx/Debug/2h3d1g1b/arm64-v8a/CMakeFiles/CMakeTmp

Run Build Command(s):/home/mirek/Android/Sdk/cmake/3.22.1/bin/ninja cmTC_a343e && [1/2] Building C object CMakeFiles/cmTC_a343e.dir/CheckSymbolExists.c.o
FAILED: CMakeFiles/cmTC_a343e.dir/CheckSymbolExists.c.o 
/home/mirek/Android/Sdk/ndk/25.1.8937393/toolchains/llvm/prebuilt/linux-x86_64/bin/clang --target=aarch64-none-linux-android30 --sysroot=/home/mirek/Android/Sdk/ndk/25.1.8937393/toolchains/llvm/prebuilt/linux-x86_64/sysroot   -g -DANDROID -fdata-sections -ffunction-sections -funwind-tables -fstack-protector-strong -no-canonical-prefixes -D_FORTIFY_SOURCE=2 -Wformat -Werror=format-security  -idirafter "/home/mirek/amiberry-android/amiberry/external/SDL2/src/video/khronos"  -D_GNU_SOURCE=1 -fPIE -MD -MT CMakeFiles/cmTC_a343e.dir/CheckSymbolExists.c.o -MF CMakeFiles/cmTC_a343e.dir/CheckSymbolExists.c.o.d -o CMakeFiles/cmTC_a343e.dir/CheckSymbolExists.c.o -c /home/mirek/amiberry-android/amiberry/android/app/.cxx/Debug/2h3d1g1b/arm64-v8a/CMakeFiles/CMakeTmp/CheckSymbolExists.c
/home/mirek/amiberry-android/amiberry/android/app/.cxx/Debug/2h3d1g1b/arm64-v8a/CMakeFiles/CMakeTmp/CheckSymbolExists.c:14:19: error: use of undeclared identifier '_ui64toa'
  return ((int*)(&_ui64toa))[argc];
                  ^
1 error generated.
ninja: build stopped: subcommand failed.


File /home/mirek/amiberry-android/amiberry/android/app/.cxx/Debug/2h3d1g1b/arm64-v8a/CMakeFiles/CMakeTmp/CheckSymbolExists.c:
/* */
#include <stddef.h>
#include <stdarg.h>
#include <stdlib.h>
#include <string.h>
#include <stdio.h>
#include <wchar.h>
#include <float.h>

int main(int argc, char** argv)
{
  (void)argv;
#ifndef _ui64toa
  return ((int*)(&_ui64toa))[argc];
#else
  (void)argc;
  return 0;
#endif
}
Determining if the _stricmp exist failed with the following output:
Change Dir: /home/mirek/amiberry-android/amiberry/android/app/.cxx/Debug/2h3d1g1b/arm64-v8a/CMakeFiles/CMakeTmp

Run Build Command(s):/home/mirek/Android/Sdk/cmake/3.22.1/bin/ninja cmTC_46e1d && [1/2] Building C object CMakeFiles/cmTC_46e1d.dir/CheckSymbolExists.c.o
FAILED: CMakeFiles/cmTC_46e1d.dir/CheckSymbolExists.c.o 
/home/mirek/Android/Sdk/ndk/25.1.8937393/toolchains/llvm/prebuilt/linux-x86_64/bin/clang --target=aarch64-none-linux-android30 --sysroot=/home/mirek/Android/Sdk/ndk/25.1.8937393/toolchains/llvm/prebuilt/linux-x86_64/sysroot   -g -DANDROID -fdata-sections -ffunction-sections -funwind-tables -fstack-protector-strong -no-canonical-prefixes -D_FORTIFY_SOURCE=2 -Wformat -Werror=format-security  -idirafter "/home/mirek/amiberry-android/amiberry/external/SDL2/src/video/khronos"  -D_GNU_SOURCE=1 -fPIE -MD -MT CMakeFiles/cmTC_46e1d.dir/CheckSymbolExists.c.o -MF CMakeFiles/cmTC_46e1d.dir/CheckSymbolExists.c.o.d -o CMakeFiles/cmTC_46e1d.dir/CheckSymbolExists.c.o -c /home/mirek/amiberry-android/amiberry/android/app/.cxx/Debug/2h3d1g1b/arm64-v8a/CMakeFiles/CMakeTmp/CheckSymbolExists.c
/home/mirek/amiberry-android/amiberry/android/app/.cxx/Debug/2h3d1g1b/arm64-v8a/CMakeFiles/CMakeTmp/CheckSymbolExists.c:14:19: error: use of undeclared identifier '_stricmp'
  return ((int*)(&_stricmp))[argc];
                  ^
1 error generated.
ninja: build stopped: subcommand failed.


File /home/mirek/amiberry-android/amiberry/android/app/.cxx/Debug/2h3d1g1b/arm64-v8a/CMakeFiles/CMakeTmp/CheckSymbolExists.c:
/* */
#include <stddef.h>
#include <stdarg.h>
#include <stdlib.h>
#include <string.h>
#include <stdio.h>
#include <wchar.h>
#include <float.h>

int main(int argc, char** argv)
{
  (void)argv;
#ifndef _stricmp
  return ((int*)(&_stricmp))[argc];
#else
  (void)argc;
  return 0;
#endif
}
Determining if the _strnicmp exist failed with the following output:
Change Dir: /home/mirek/amiberry-android/amiberry/android/app/.cxx/Debug/2h3d1g1b/arm64-v8a/CMakeFiles/CMakeTmp

Run Build Command(s):/home/mirek/Android/Sdk/cmake/3.22.1/bin/ninja cmTC_928dd && [1/2] Building C object CMakeFiles/cmTC_928dd.dir/CheckSymbolExists.c.o
FAILED: CMakeFiles/cmTC_928dd.dir/CheckSymbolExists.c.o 
/home/mirek/Android/Sdk/ndk/25.1.8937393/toolchains/llvm/prebuilt/linux-x86_64/bin/clang --target=aarch64-none-linux-android30 --sysroot=/home/mirek/Android/Sdk/ndk/25.1.8937393/toolchains/llvm/prebuilt/linux-x86_64/sysroot   -g -DANDROID -fdata-sections -ffunction-sections -funwind-tables -fstack-protector-strong -no-canonical-prefixes -D_FORTIFY_SOURCE=2 -Wformat -Werror=format-security  -idirafter "/home/mirek/amiberry-android/amiberry/external/SDL2/src/video/khronos"  -D_GNU_SOURCE=1 -fPIE -MD -MT CMakeFiles/cmTC_928dd.dir/CheckSymbolExists.c.o -MF CMakeFiles/cmTC_928dd.dir/CheckSymbolExists.c.o.d -o CMakeFiles/cmTC_928dd.dir/CheckSymbolExists.c.o -c /home/mirek/amiberry-android/amiberry/android/app/.cxx/Debug/2h3d1g1b/arm64-v8a/CMakeFiles/CMakeTmp/CheckSymbolExists.c
/home/mirek/amiberry-android/amiberry/android/app/.cxx/Debug/2h3d1g1b/arm64-v8a/CMakeFiles/CMakeTmp/CheckSymbolExists.c:14:19: error: use of undeclared identifier '_strnicmp'; did you mean 'strncmp'?
  return ((int*)(&_strnicmp))[argc];
                  ^~~~~~~~~
                  strncmp
/home/mirek/Android/Sdk/ndk/25.1.8937393/toolchains/llvm/prebuilt/linux-x86_64/sysroot/usr/include/string.h:137:5: note: 'strncmp' declared here
int strncmp(const char* __lhs, const char* __rhs, size_t __n) __attribute_pure__;
    ^
1 error generated.
ninja: build stopped: subcommand failed.


File /home/mirek/amiberry-android/amiberry/android/app/.cxx/Debug/2h3d1g1b/arm64-v8a/CMakeFiles/CMakeTmp/CheckSymbolExists.c:
/* */
#include <stddef.h>
#include <stdarg.h>
#include <stdlib.h>
#include <string.h>
#include <stdio.h>
#include <wchar.h>
#include <float.h>

int main(int argc, char** argv)
{
  (void)argv;
#ifndef _strnicmp
  return ((int*)(&_strnicmp))[argc];
#else
  (void)argc;
  return 0;
#endif
}
Determining if the _wcsdup exist failed with the following output:
Change Dir: /home/mirek/amiberry-android/amiberry/android/app/.cxx/Debug/2h3d1g1b/arm64-v8a/CMakeFiles/CMakeTmp

Run Build Command(s):/home/mirek/Android/Sdk/cmake/3.22.1/bin/ninja cmTC_2b85f && [1/2] Building C object CMakeFiles/cmTC_2b85f.dir/CheckSymbolExists.c.o
FAILED: CMakeFiles/cmTC_2b85f.dir/CheckSymbolExists.c.o 
/home/mirek/Android/Sdk/ndk/25.1.8937393/toolchains/llvm/prebuilt/linux-x86_64/bin/clang --target=aarch64-none-linux-android30 --sysroot=/home/mirek/Android/Sdk/ndk/25.1.8937393/toolchains/llvm/prebuilt/linux-x86_64/sysroot   -g -DANDROID -fdata-sections -ffunction-sections -funwind-tables -fstack-protector-strong -no-canonical-prefixes -D_FORTIFY_SOURCE=2 -Wformat -Werror=format-security  -idirafter "/home/mirek/amiberry-android/amiberry/external/SDL2/src/video/khronos"  -D_GNU_SOURCE=1 -fPIE -MD -MT CMakeFiles/cmTC_2b85f.dir/CheckSymbolExists.c.o -MF CMakeFiles/cmTC_2b85f.dir/CheckSymbolExists.c.o.d -o CMakeFiles/cmTC_2b85f.dir/CheckSymbolExists.c.o -c /home/mirek/amiberry-android/amiberry/android/app/.cxx/Debug/2h3d1g1b/arm64-v8a/CMakeFiles/CMakeTmp/CheckSymbolExists.c
/home/mirek/amiberry-android/amiberry/android/app/.cxx/Debug/2h3d1g1b/arm64-v8a/CMakeFiles/CMakeTmp/CheckSymbolExists.c:14:19: error: use of undeclared identifier '_wcsdup'; did you mean 'wcsdup'?
  return ((int*)(&_wcsdup))[argc];
                  ^~~~~~~
                  wcsdup
/home/mirek/Android/Sdk/ndk/25.1.8937393/toolchains/llvm/prebuilt/linux-x86_64/sysroot/usr/include/wchar.h:208:10: note: 'wcsdup' declared here
wchar_t* wcsdup(const wchar_t* __s);
         ^
1 error generated.
ninja: build stopped: subcommand failed.


File /home/mirek/amiberry-android/amiberry/android/app/.cxx/Debug/2h3d1g1b/arm64-v8a/CMakeFiles/CMakeTmp/CheckSymbolExists.c:
/* */
#include <stddef.h>
#include <stdarg.h>
#include <stdlib.h>
#include <string.h>
#include <stdio.h>
#include <wchar.h>
#include <float.h>

int main(int argc, char** argv)
{
  (void)argv;
#ifndef _wcsdup
  return ((int*)(&_wcsdup))[argc];
#else
  (void)argc;
  return 0;
#endif
}
Determining if the _wcsicmp exist failed with the following output:
Change Dir: /home/mirek/amiberry-android/amiberry/android/app/.cxx/Debug/2h3d1g1b/arm64-v8a/CMakeFiles/CMakeTmp

Run Build Command(s):/home/mirek/Android/Sdk/cmake/3.22.1/bin/ninja cmTC_69107 && [1/2] Building C object CMakeFiles/cmTC_69107.dir/CheckSymbolExists.c.o
FAILED: CMakeFiles/cmTC_69107.dir/CheckSymbolExists.c.o 
/home/mirek/Android/Sdk/ndk/25.1.8937393/toolchains/llvm/prebuilt/linux-x86_64/bin/clang --target=aarch64-none-linux-android30 --sysroot=/home/mirek/Android/Sdk/ndk/25.1.8937393/toolchains/llvm/prebuilt/linux-x86_64/sysroot   -g -DANDROID -fdata-sections -ffunction-sections -funwind-tables -fstack-protector-strong -no-canonical-prefixes -D_FORTIFY_SOURCE=2 -Wformat -Werror=format-security  -idirafter "/home/mirek/amiberry-android/amiberry/external/SDL2/src/video/khronos"  -D_GNU_SOURCE=1 -fPIE -MD -MT CMakeFiles/cmTC_69107.dir/CheckSymbolExists.c.o -MF CMakeFiles/cmTC_69107.dir/CheckSymbolExists.c.o.d -o CMakeFiles/cmTC_69107.dir/CheckSymbolExists.c.o -c /home/mirek/amiberry-android/amiberry/android/app/.cxx/Debug/2h3d1g1b/arm64-v8a/CMakeFiles/CMakeTmp/CheckSymbolExists.c
/home/mirek/amiberry-android/amiberry/android/app/.cxx/Debug/2h3d1g1b/arm64-v8a/CMakeFiles/CMakeTmp/CheckSymbolExists.c:14:19: error: use of undeclared identifier '_wcsicmp'
  return ((int*)(&_wcsicmp))[argc];
                  ^
1 error generated.
ninja: build stopped: subcommand failed.


File /home/mirek/amiberry-android/amiberry/android/app/.cxx/Debug/2h3d1g1b/arm64-v8a/CMakeFiles/CMakeTmp/CheckSymbolExists.c:
/* */
#include <stddef.h>
#include <stdarg.h>
#include <stdlib.h>
#include <string.h>
#include <stdio.h>
#include <wchar.h>
#include <float.h>

int main(int argc, char** argv)
{
  (void)argv;
#ifndef _wcsicmp
  return ((int*)(&_wcsicmp))[argc];
#else
  (void)argc;
  return 0;
#endif
}
Determining if the _wcsnicmp exist failed with the following output:
Change Dir: /home/mirek/amiberry-android/amiberry/android/app/.cxx/Debug/2h3d1g1b/arm64-v8a/CMakeFiles/CMakeTmp

Run Build Command(s):/home/mirek/Android/Sdk/cmake/3.22.1/bin/ninja cmTC_a6041 && [1/2] Building C object CMakeFiles/cmTC_a6041.dir/CheckSymbolExists.c.o
FAILED: CMakeFiles/cmTC_a6041.dir/CheckSymbolExists.c.o 
/home/mirek/Android/Sdk/ndk/25.1.8937393/toolchains/llvm/prebuilt/linux-x86_64/bin/clang --target=aarch64-none-linux-android30 --sysroot=/home/mirek/Android/Sdk/ndk/25.1.8937393/toolchains/llvm/prebuilt/linux-x86_64/sysroot   -g -DANDROID -fdata-sections -ffunction-sections -funwind-tables -fstack-protector-strong -no-canonical-prefixes -D_FORTIFY_SOURCE=2 -Wformat -Werror=format-security  -idirafter "/home/mirek/amiberry-android/amiberry/external/SDL2/src/video/khronos"  -D_GNU_SOURCE=1 -fPIE -MD -MT CMakeFiles/cmTC_a6041.dir/CheckSymbolExists.c.o -MF CMakeFiles/cmTC_a6041.dir/CheckSymbolExists.c.o.d -o CMakeFiles/cmTC_a6041.dir/CheckSymbolExists.c.o -c /home/mirek/amiberry-android/amiberry/android/app/.cxx/Debug/2h3d1g1b/arm64-v8a/CMakeFiles/CMakeTmp/CheckSymbolExists.c
/home/mirek/amiberry-android/amiberry/android/app/.cxx/Debug/2h3d1g1b/arm64-v8a/CMakeFiles/CMakeTmp/CheckSymbolExists.c:14:19: error: use of undeclared identifier '_wcsnicmp'; did you mean 'wcsncmp'?
  return ((int*)(&_wcsnicmp))[argc];
                  ^~~~~~~~~
                  wcsncmp
/home/mirek/Android/Sdk/ndk/25.1.8937393/toolchains/llvm/prebuilt/linux-x86_64/sysroot/usr/include/wchar.h:117:5: note: 'wcsncmp' declared here
int wcsncmp(const wchar_t* __lhs, const wchar_t* __rhs, size_t __n);
    ^
1 error generated.
ninja: build stopped: subcommand failed.


File /home/mirek/amiberry-android/amiberry/android/app/.cxx/Debug/2h3d1g1b/arm64-v8a/CMakeFiles/CMakeTmp/CheckSymbolExists.c:
/* */
#include <stddef.h>
#include <stdarg.h>
#include <stdlib.h>
#include <string.h>
#include <stdio.h>
#include <wchar.h>
#include <float.h>

int main(int argc, char** argv)
{
  (void)argv;
#ifndef _wcsnicmp
  return ((int*)(&_wcsnicmp))[argc];
#else
  (void)argc;
  return 0;
#endif
}
Determining if the sysctlbyname exist failed with the following output:
Change Dir: /home/mirek/amiberry-android/amiberry/android/app/.cxx/Debug/2h3d1g1b/arm64-v8a/CMakeFiles/CMakeTmp

Run Build Command(s):/home/mirek/Android/Sdk/cmake/3.22.1/bin/ninja cmTC_2c41a && [1/2] Building C object CMakeFiles/cmTC_2c41a.dir/CheckSymbolExists.c.o
FAILED: CMakeFiles/cmTC_2c41a.dir/CheckSymbolExists.c.o 
/home/mirek/Android/Sdk/ndk/25.1.8937393/toolchains/llvm/prebuilt/linux-x86_64/bin/clang --target=aarch64-none-linux-android30 --sysroot=/home/mirek/Android/Sdk/ndk/25.1.8937393/toolchains/llvm/prebuilt/linux-x86_64/sysroot   -g -DANDROID -fdata-sections -ffunction-sections -funwind-tables -fstack-protector-strong -no-canonical-prefixes -D_FORTIFY_SOURCE=2 -Wformat -Werror=format-security  -idirafter "/home/mirek/amiberry-android/amiberry/external/SDL2/src/video/khronos"  -D_GNU_SOURCE=1 -fPIE -MD -MT CMakeFiles/cmTC_2c41a.dir/CheckSymbolExists.c.o -MF CMakeFiles/cmTC_2c41a.dir/CheckSymbolExists.c.o.d -o CMakeFiles/cmTC_2c41a.dir/CheckSymbolExists.c.o -c /home/mirek/amiberry-android/amiberry/android/app/.cxx/Debug/2h3d1g1b/arm64-v8a/CMakeFiles/CMakeTmp/CheckSymbolExists.c
/home/mirek/amiberry-android/amiberry/android/app/.cxx/Debug/2h3d1g1b/arm64-v8a/CMakeFiles/CMakeTmp/CheckSymbolExists.c:3:10: fatal error: 'sys/sysctl.h' file not found
#include <sys/sysctl.h>
         ^~~~~~~~~~~~~~
1 error generated.
ninja: build stopped: subcommand failed.


File /home/mirek/amiberry-android/amiberry/android/app/.cxx/Debug/2h3d1g1b/arm64-v8a/CMakeFiles/CMakeTmp/CheckSymbolExists.c:
/* */
#include <sys/types.h>
#include <sys/sysctl.h>

int main(int argc, char** argv)
{
  (void)argv;
#ifndef sysctlbyname
  return ((int*)(&sysctlbyname))[argc];
#else
  (void)argc;
  return 0;
#endif
}
Determining if the elf_aux_info exist failed with the following output:
Change Dir: /home/mirek/amiberry-android/amiberry/android/app/.cxx/Debug/2h3d1g1b/arm64-v8a/CMakeFiles/CMakeTmp

Run Build Command(s):/home/mirek/Android/Sdk/cmake/3.22.1/bin/ninja cmTC_9dacf && [1/2] Building C object CMakeFiles/cmTC_9dacf.dir/CheckSymbolExists.c.o
FAILED: CMakeFiles/cmTC_9dacf.dir/CheckSymbolExists.c.o 
/home/mirek/Android/Sdk/ndk/25.1.8937393/toolchains/llvm/prebuilt/linux-x86_64/bin/clang --target=aarch64-none-linux-android30 --sysroot=/home/mirek/Android/Sdk/ndk/25.1.8937393/toolchains/llvm/prebuilt/linux-x86_64/sysroot   -g -DANDROID -fdata-sections -ffunction-sections -funwind-tables -fstack-protector-strong -no-canonical-prefixes -D_FORTIFY_SOURCE=2 -Wformat -Werror=format-security  -idirafter "/home/mirek/amiberry-android/amiberry/external/SDL2/src/video/khronos"  -D_GNU_SOURCE=1 -fPIE -MD -MT CMakeFiles/cmTC_9dacf.dir/CheckSymbolExists.c.o -MF CMakeFiles/cmTC_9dacf.dir/CheckSymbolExists.c.o.d -o CMakeFiles/cmTC_9dacf.dir/CheckSymbolExists.c.o -c /home/mirek/amiberry-android/amiberry/android/app/.cxx/Debug/2h3d1g1b/arm64-v8a/CMakeFiles/CMakeTmp/CheckSymbolExists.c
/home/mirek/amiberry-android/amiberry/android/app/.cxx/Debug/2h3d1g1b/arm64-v8a/CMakeFiles/CMakeTmp/CheckSymbolExists.c:8:19: error: use of undeclared identifier 'elf_aux_info'
  return ((int*)(&elf_aux_info))[argc];
                  ^
1 error generated.
ninja: build stopped: subcommand failed.


File /home/mirek/amiberry-android/amiberry/android/app/.cxx/Debug/2h3d1g1b/arm64-v8a/CMakeFiles/CMakeTmp/CheckSymbolExists.c:
/* */
#include <sys/auxv.h>

int main(int argc, char** argv)
{
  (void)argv;
#ifndef elf_aux_info
  return ((int*)(&elf_aux_info))[argc];
#else
  (void)argc;
  return 0;
#endif
}
Performing C SOURCE FILE Test ICONV_IN_LIBICONV failed with the following output:
Change Dir: /home/mirek/amiberry-android/amiberry/android/app/.cxx/Debug/2h3d1g1b/arm64-v8a/CMakeFiles/CMakeTmp

Run Build Command(s):/home/mirek/Android/Sdk/cmake/3.22.1/bin/ninja cmTC_9a6be && [1/2] Building C object CMakeFiles/cmTC_9a6be.dir/src.c.o
[2/2] Linking C executable cmTC_9a6be
FAILED: cmTC_9a6be 
: && /home/mirek/Android/Sdk/ndk/25.1.8937393/toolchains/llvm/prebuilt/linux-x86_64/bin/clang --target=aarch64-none-linux-android30 --sysroot=/home/mirek/Android/Sdk/ndk/25.1.8937393/toolchains/llvm/prebuilt/linux-x86_64/sysroot -g -DANDROID -fdata-sections -ffunction-sections -funwind-tables -fstack-protector-strong -no-canonical-prefixes -D_FORTIFY_SOURCE=2 -Wformat -Werror=format-security  -idirafter "/home/mirek/amiberry-android/amiberry/external/SDL2/src/video/khronos"  -D_GNU_SOURCE=1 -Wl,--build-id=sha1 -Wl,--fatal-warnings -Wl,--gc-sections -Wl,--no-undefined -Qunused-arguments -Wl,--gc-sections  -landroid -llog CMakeFiles/cmTC_9a6be.dir/src.c.o -o cmTC_9a6be  -liconv  -latomic -lm && :
ld: error: unable to find library -liconv
clang: error: linker command failed with exit code 1 (use -v to see invocation)
ninja: build stopped: subcommand failed.


Source file was:

        #include <stddef.h>
        #include <iconv.h>
        int main(int argc, char **argv) {
            return !iconv_open(NULL,NULL);
        }
Determining if the alloca exist failed with the following output:
Change Dir: /home/mirek/amiberry-android/amiberry/android/app/.cxx/Debug/2h3d1g1b/arm64-v8a/CMakeFiles/CMakeTmp

Run Build Command(s):/home/mirek/Android/Sdk/cmake/3.22.1/bin/ninja cmTC_6de9a && [1/2] Building C object CMakeFiles/cmTC_6de9a.dir/CheckSymbolExists.c.o
/home/mirek/amiberry-android/amiberry/android/app/.cxx/Debug/2h3d1g1b/arm64-v8a/CMakeFiles/CMakeTmp/CheckSymbolExists.c:8:19: warning: implicitly declaring library function 'alloca' with type 'void *(unsigned long)' [-Wimplicit-function-declaration]
  return ((int*)(&alloca))[argc];
                  ^
/home/mirek/amiberry-android/amiberry/android/app/.cxx/Debug/2h3d1g1b/arm64-v8a/CMakeFiles/CMakeTmp/CheckSymbolExists.c:8:19: note: include the header <stdlib.h> or explicitly provide a declaration for 'alloca'
1 warning generated.
[2/2] Linking C executable cmTC_6de9a
FAILED: cmTC_6de9a 
: && /home/mirek/Android/Sdk/ndk/25.1.8937393/toolchains/llvm/prebuilt/linux-x86_64/bin/clang --target=aarch64-none-linux-android30 --sysroot=/home/mirek/Android/Sdk/ndk/25.1.8937393/toolchains/llvm/prebuilt/linux-x86_64/sysroot -g -DANDROID -fdata-sections -ffunction-sections -funwind-tables -fstack-protector-strong -no-canonical-prefixes -D_FORTIFY_SOURCE=2 -Wformat -Werror=format-security  -idirafter "/home/mirek/amiberry-android/amiberry/external/SDL2/src/video/khronos"  -D_GNU_SOURCE=1 -Wl,--build-id=sha1 -Wl,--fatal-warnings -Wl,--gc-sections -Wl,--no-undefined -Qunused-arguments -Wl,--gc-sections  -landroid -llog CMakeFiles/cmTC_6de9a.dir/CheckSymbolExists.c.o -o cmTC_6de9a  -latomic -lm && :
ld: error: undefined symbol: alloca
>>> referenced by CheckSymbolExists.c:0
>>>               CMakeFiles/cmTC_6de9a.dir/CheckSymbolExists.c.o:(main)
>>> referenced by CheckSymbolExists.c:0
>>>               CMakeFiles/cmTC_6de9a.dir/CheckSymbolExists.c.o:(main)
clang: error: linker command failed with exit code 1 (use -v to see invocation)
ninja: build stopped: subcommand failed.


File /home/mirek/amiberry-android/amiberry/android/app/.cxx/Debug/2h3d1g1b/arm64-v8a/CMakeFiles/CMakeTmp/CheckSymbolExists.c:
/* */
#include <malloc.h>

int main(int argc, char** argv)
{
  (void)argv;
#ifndef alloca
  return ((int*)(&alloca))[argc];
#else
  (void)argc;
  return 0;
#endif
}
Performing C SOURCE FILE Test HAVE_ARM_MODE failed with the following output:
Change Dir: /home/mirek/amiberry-android/amiberry/android/app/.cxx/Debug/2h3d1g1b/arm64-v8a/CMakeFiles/CMakeTmp

Run Build Command(s):/home/mirek/Android/Sdk/cmake/3.22.1/bin/ninja cmTC_a2532 && [1/2] Building C object CMakeFiles/cmTC_a2532.dir/src.c.o
FAILED: CMakeFiles/cmTC_a2532.dir/src.c.o 
/home/mirek/Android/Sdk/ndk/25.1.8937393/toolchains/llvm/prebuilt/linux-x86_64/bin/clang --target=aarch64-none-linux-android30 --sysroot=/home/mirek/Android/Sdk/ndk/25.1.8937393/toolchains/llvm/prebuilt/linux-x86_64/sysroot -DHAVE_ARM_MODE  -g -DANDROID -fdata-sections -ffunction-sections -funwind-tables -fstack-protector-strong -no-canonical-prefixes -D_FORTIFY_SOURCE=2 -Wformat -Werror=format-security  -idirafter "/home/mirek/amiberry-android/amiberry/external/SDL2/src/video/khronos" -Werror=unused-command-line-argument -fPIE   -marm -MD -MT CMakeFiles/cmTC_a2532.dir/src.c.o -MF CMakeFiles/cmTC_a2532.dir/src.c.o.d -o CMakeFiles/cmTC_a2532.dir/src.c.o -c /home/mirek/amiberry-android/amiberry/android/app/.cxx/Debug/2h3d1g1b/arm64-v8a/CMakeFiles/CMakeTmp/src.c
clang: error: argument unused during compilation: '-marm' [-Werror,-Wunused-command-line-argument]
ninja: build stopped: subcommand failed.


Source file was:
int main(void) { return 0; }
Determining if files pthread_np.h exist failed with the following output:
Change Dir: /home/mirek/amiberry-android/amiberry/android/app/.cxx/Debug/2h3d1g1b/arm64-v8a/CMakeFiles/CMakeTmp

Run Build Command(s):/home/mirek/Android/Sdk/cmake/3.22.1/bin/ninja cmTC_cf88c && [1/2] Building C object CMakeFiles/cmTC_cf88c.dir/HAVE_PTHREAD_NP_H.c.o
FAILED: CMakeFiles/cmTC_cf88c.dir/HAVE_PTHREAD_NP_H.c.o 
/home/mirek/Android/Sdk/ndk/25.1.8937393/toolchains/llvm/prebuilt/linux-x86_64/bin/clang --target=aarch64-none-linux-android30 --sysroot=/home/mirek/Android/Sdk/ndk/25.1.8937393/toolchains/llvm/prebuilt/linux-x86_64/sysroot   -g -DANDROID -fdata-sections -ffunction-sections -funwind-tables -fstack-protector-strong -no-canonical-prefixes -D_FORTIFY_SOURCE=2 -Wformat -Werror=format-security  -idirafter "/home/mirek/amiberry-android/amiberry/external/SDL2/src/video/khronos"  -D_GNU_SOURCE=1 -fPIE -MD -MT CMakeFiles/cmTC_cf88c.dir/HAVE_PTHREAD_NP_H.c.o -MF CMakeFiles/cmTC_cf88c.dir/HAVE_PTHREAD_NP_H.c.o.d -o CMakeFiles/cmTC_cf88c.dir/HAVE_PTHREAD_NP_H.c.o -c /home/mirek/amiberry-android/amiberry/android/app/.cxx/Debug/2h3d1g1b/arm64-v8a/CMakeFiles/CheckIncludeFiles/HAVE_PTHREAD_NP_H.c
/home/mirek/amiberry-android/amiberry/android/app/.cxx/Debug/2h3d1g1b/arm64-v8a/CMakeFiles/CheckIncludeFiles/HAVE_PTHREAD_NP_H.c:2:10: fatal error: 'pthread_np.h' file not found
#include <pthread_np.h>
         ^~~~~~~~~~~~~~
1 error generated.
ninja: build stopped: subcommand failed.


Source:
/* */
#include <pthread_np.h>


int main(void){return 0;}

